{"email":"ilu@gmail.com","error":"Error al registrar usuario: El email ya está registrado","ip":"::1","level":"\u001b[31merror\u001b[39m","message":"Error en el proceso de registro","timestamp":"2025-03-25T17:37:28.904Z"}
{"email":"ilu@gmail.com","error":"Error al registrar usuario: El email ya está registrado","ip":"::1","level":"\u001b[31merror\u001b[39m","message":"Error en el proceso de registro","timestamp":"2025-03-25T18:07:36.999Z"}
{"email":"s.steinberg2019@gmail.com","ip":"::1","level":"\u001b[31merror\u001b[39m","message":"Error en el proceso de login Error al iniciar sesión: Contraseña incorrecta","timestamp":"2025-03-25T18:48:55.854Z"}
{"email":"s.steinberg2019@gmail.com","ip":"::1","level":"\u001b[31merror\u001b[39m","message":"Error en el proceso de login Error al iniciar sesión: Contraseña incorrecta","timestamp":"2025-03-25T18:50:56.586Z"}
{"email":"s.steinberg2019@gmail.com","ip":"::1","level":"\u001b[31merror\u001b[39m","message":"Error en el proceso de login Error al iniciar sesión: Contraseña incorrecta","timestamp":"2025-03-25T18:51:41.963Z"}
{"email":"s.steinberg2019@gmail.com","ip":"::1","level":"\u001b[31merror\u001b[39m","message":"Error en el proceso de login Error al iniciar sesión: Contraseña incorrecta","timestamp":"2025-03-25T18:57:40.176Z"}
{"email":"elnegro615@hotmail.com","level":"\u001b[31merror\u001b[39m","message":"Error en el proceso de login Error al iniciar sesión: getaddrinfo ENOTFOUND ac-gwqif8n-shard-00-02.cl7spkj.mongodb.net","timestamp":"2025-03-25T20:14:48.215Z"}
{"email":"elnegro615@hotmail.com","level":"\u001b[31merror\u001b[39m","message":"Error en el proceso de login Error al iniciar sesión: getaddrinfo ENOTFOUND ac-gwqif8n-shard-00-02.cl7spkj.mongodb.net","timestamp":"2025-03-25T20:14:49.314Z"}
{"email":"elnegro615@hotmail.com","level":"\u001b[31merror\u001b[39m","message":"Error en el proceso de login Error al iniciar sesión: getaddrinfo ENOTFOUND ac-gwqif8n-shard-00-02.cl7spkj.mongodb.net","timestamp":"2025-03-25T20:14:53.253Z"}
{"email":"marita@gmail.com","ip":"::1","level":"\u001b[31merror\u001b[39m","message":"Error en el proceso de login Error al iniciar sesión: getaddrinfo ENOTFOUND ac-gwqif8n-shard-00-02.cl7spkj.mongodb.net","timestamp":"2025-03-25T20:15:04.362Z"}
{"email":"marita@gmail.com","ip":"::1","level":"\u001b[31merror\u001b[39m","message":"Error en el proceso de login Error al iniciar sesión: getaddrinfo ENOTFOUND ac-gwqif8n-shard-00-02.cl7spkj.mongodb.net","timestamp":"2025-03-25T20:15:05.685Z"}
{"email":"marita@gmail.com","ip":"::1","level":"\u001b[31merror\u001b[39m","message":"Error en el proceso de login Error al iniciar sesión: getaddrinfo ENOTFOUND ac-gwqif8n-shard-00-02.cl7spkj.mongodb.net","timestamp":"2025-03-25T20:15:06.515Z"}
{"email":"marita@gmail.com","ip":"::1","level":"\u001b[31merror\u001b[39m","message":"Error en el proceso de login Error al iniciar sesión: getaddrinfo ENOTFOUND ac-gwqif8n-shard-00-02.cl7spkj.mongodb.net","timestamp":"2025-03-25T20:15:06.710Z"}
{"email":"marita@gmail.com","ip":"::1","level":"\u001b[31merror\u001b[39m","message":"Error en el proceso de login Error al iniciar sesión: getaddrinfo ENOTFOUND ac-gwqif8n-shard-00-02.cl7spkj.mongodb.net","timestamp":"2025-03-25T20:15:06.925Z"}
{"email":"s.steinberg2019@gmail.com","level":"\u001b[31merror\u001b[39m","message":"Error en el proceso de login Error al iniciar sesión: getaddrinfo ENOTFOUND ac-gwqif8n-shard-00-02.cl7spkj.mongodb.net","timestamp":"2025-03-25T20:15:16.317Z"}
{"email":"s.steinberg2019@gmail.com","ip":"::1","level":"\u001b[31merror\u001b[39m","message":"Error en el proceso de login Error al iniciar sesión: getaddrinfo ENOTFOUND ac-gwqif8n-shard-00-02.cl7spkj.mongodb.net","timestamp":"2025-03-25T20:15:34.431Z"}
{"email":"s.steinberg2019@gmail.com","ip":"::1","level":"\u001b[31merror\u001b[39m","message":"Error en el proceso de login Error al iniciar sesión: getaddrinfo ENOTFOUND ac-gwqif8n-shard-00-02.cl7spkj.mongodb.net","timestamp":"2025-03-25T20:15:35.776Z"}
{"email":"marita@gmail.com","level":"\u001b[31merror\u001b[39m","message":"Error en el proceso de login Error al iniciar sesión: getaddrinfo ENOTFOUND ac-gwqif8n-shard-00-02.cl7spkj.mongodb.net","timestamp":"2025-03-25T20:15:57.301Z"}
{"email":"marita@gmail.com","level":"\u001b[31merror\u001b[39m","message":"Error en el proceso de login Error al iniciar sesión: getaddrinfo ENOTFOUND ac-gwqif8n-shard-00-02.cl7spkj.mongodb.net","timestamp":"2025-03-25T20:16:06.696Z"}
{"email":"marita@gmail.com","level":"\u001b[31merror\u001b[39m","message":"Error en el proceso de login Error al iniciar sesión: getaddrinfo ENOTFOUND ac-gwqif8n-shard-00-02.cl7spkj.mongodb.net","timestamp":"2025-03-25T20:16:14.690Z"}
{"email":"estrella@gmail.com","ip":"::1","level":"\u001b[31merror\u001b[39m","message":"Error en el proceso de login Error al iniciar sesión: Usuario no encontrado","timestamp":"2025-03-25T20:25:02.400Z"}
