{"email":"s.steinberg2019@gmail.com","ip":"::1","level":"\u001b[33mwarning\u001b[39m","message":"Intento de login fallido Credenciales incorrectas","timestamp":"2025-03-24T23:23:09.350Z"}
{"email":"s.steinberg2019@gmail.com","ip":"::1","level":"\u001b[33mwarning\u001b[39m","message":"Intento de login fallido Credenciales incorrectas","timestamp":"2025-03-25T00:12:42.899Z"}
{"email":"s.steinberg2019@gmail.com","ip":"::1","level":"\u001b[33mwarning\u001b[39m","message":"Intento de login fallido: faltan campos Faltan email o contraseña","timestamp":"2025-03-25T00:12:50.080Z"}
{"email":"s.steinberg2019@gmail.com","ip":"::1","level":"\u001b[33mwarning\u001b[39m","message":"Intento de login fallido Credenciales incorrectas","timestamp":"2025-03-25T00:13:00.187Z"}
{"email":"s.steinberg2019@gmail.com","ip":"::1","level":"\u001b[33mwarning\u001b[39m","message":"Intento de login fallido Credenciales incorrectas","timestamp":"2025-03-25T00:16:06.612Z"}
{"email":"","ip":"::1","level":"\u001b[33mwarning\u001b[39m","message":"Intento de login fallido: faltan campos Faltan email o contraseña","timestamp":"2025-03-25T00:16:13.865Z"}
{"email":"s.steinberg2019@gmail.com","ip":"::1","level":"\u001b[33mwarning\u001b[39m","message":"Intento de login fallido Credenciales incorrectas","timestamp":"2025-03-25T00:16:19.097Z"}
{"email":"s.steinberg2019@gmail.com","ip":"::1","level":"\u001b[33mwarning\u001b[39m","message":"Intento de login fallido Credenciales incorrectas","timestamp":"2025-03-25T00:17:48.931Z"}
{"email":"s.steinberg2019@gmail.com","ip":"::1","level":"\u001b[33mwarning\u001b[39m","message":"Intento de login fallido Credenciales incorrectas","timestamp":"2025-03-25T00:17:56.900Z"}
{"email":"s.steinberg2019@gmail.com","ip":"::1","level":"\u001b[33mwarning\u001b[39m","message":"Intento de login fallido Credenciales incorrectas","timestamp":"2025-03-25T00:18:41.686Z"}
{"email":"s.steinberg2019@gmail.com","ip":"::1","level":"\u001b[33mwarning\u001b[39m","message":"Intento de login fallido Credenciales incorrectas","timestamp":"2025-03-25T00:18:50.897Z"}
{"email":"","ip":"::1","level":"\u001b[33mwarning\u001b[39m","message":"Intento de login fallido: faltan campos Faltan email o contraseña","timestamp":"2025-03-25T00:19:17.415Z"}
{"email":"s.steinberg2019@gmail.com","ip":"::1","level":"\u001b[33mwarning\u001b[39m","message":"Intento de login fallido Credenciales incorrectas","timestamp":"2025-03-25T00:20:26.294Z"}
{"email":"s.steinberg2019@gmail.com","ip":"::1","level":"\u001b[33mwarning\u001b[39m","message":"Intento de login fallido Credenciales incorrectas","timestamp":"2025-03-25T13:55:28.696Z"}
{"email":"s.steinberg2019@gmail.com","ip":"::1","level":"\u001b[33mwarning\u001b[39m","message":"Intento de login fallido Credenciales incorrectas","timestamp":"2025-03-25T17:24:28.719Z"}
{"email":"ilu@gmail.com","error":"Error al registrar usuario: El email ya está registrado","ip":"::1","level":"\u001b[31merror\u001b[39m","message":"Error en el proceso de registro","timestamp":"2025-03-25T17:37:28.923Z"}
{"email":"ilu@gmail.com","error":"Error al registrar usuario: El email ya está registrado","ip":"::1","level":"\u001b[31merror\u001b[39m","message":"Error en el proceso de registro","timestamp":"2025-03-25T18:07:37.004Z"}
{"email":"s.steinberg2019@gmail.com","ip":"::1","level":"\u001b[33mwarning\u001b[39m","message":"Intento de login fallido Credenciales incorrectas","timestamp":"2025-03-25T18:38:17.559Z"}
{"email":"s.steinberg2019@gmail.com","ip":"::1","level":"\u001b[31merror\u001b[39m","message":"Error en el proceso de login Error al iniciar sesión: Contraseña incorrecta","timestamp":"2025-03-25T18:48:55.860Z"}
{"email":"s.steinberg2019@gmail.com","ip":"::1","level":"\u001b[31merror\u001b[39m","message":"Error en el proceso de login Error al iniciar sesión: Contraseña incorrecta","timestamp":"2025-03-25T18:50:56.587Z"}
{"email":"s.steinberg2019@gmail.com","ip":"::1","level":"\u001b[31merror\u001b[39m","message":"Error en el proceso de login Error al iniciar sesión: Contraseña incorrecta","timestamp":"2025-03-25T18:51:41.964Z"}
{"email":"s.steinberg2019@gmail.com","ip":"::1","level":"\u001b[31merror\u001b[39m","message":"Error en el proceso de login Error al iniciar sesión: Contraseña incorrecta","timestamp":"2025-03-25T18:57:40.180Z"}
{"email":"elnegro615@hotmail.com","level":"\u001b[31merror\u001b[39m","message":"Error en el proceso de login Error al iniciar sesión: getaddrinfo ENOTFOUND ac-gwqif8n-shard-00-02.cl7spkj.mongodb.net","timestamp":"2025-03-25T20:14:48.234Z"}
{"email":"elnegro615@hotmail.com","level":"\u001b[31merror\u001b[39m","message":"Error en el proceso de login Error al iniciar sesión: getaddrinfo ENOTFOUND ac-gwqif8n-shard-00-02.cl7spkj.mongodb.net","timestamp":"2025-03-25T20:14:49.315Z"}
{"email":"elnegro615@hotmail.com","level":"\u001b[31merror\u001b[39m","message":"Error en el proceso de login Error al iniciar sesión: getaddrinfo ENOTFOUND ac-gwqif8n-shard-00-02.cl7spkj.mongodb.net","timestamp":"2025-03-25T20:14:53.253Z"}
{"email":"marita@gmail.com","ip":"::1","level":"\u001b[31merror\u001b[39m","message":"Error en el proceso de login Error al iniciar sesión: getaddrinfo ENOTFOUND ac-gwqif8n-shard-00-02.cl7spkj.mongodb.net","timestamp":"2025-03-25T20:15:04.367Z"}
{"email":"marita@gmail.com","ip":"::1","level":"\u001b[31merror\u001b[39m","message":"Error en el proceso de login Error al iniciar sesión: getaddrinfo ENOTFOUND ac-gwqif8n-shard-00-02.cl7spkj.mongodb.net","timestamp":"2025-03-25T20:15:05.685Z"}
{"email":"marita@gmail.com","ip":"::1","level":"\u001b[31merror\u001b[39m","message":"Error en el proceso de login Error al iniciar sesión: getaddrinfo ENOTFOUND ac-gwqif8n-shard-00-02.cl7spkj.mongodb.net","timestamp":"2025-03-25T20:15:06.516Z"}
{"email":"marita@gmail.com","ip":"::1","level":"\u001b[31merror\u001b[39m","message":"Error en el proceso de login Error al iniciar sesión: getaddrinfo ENOTFOUND ac-gwqif8n-shard-00-02.cl7spkj.mongodb.net","timestamp":"2025-03-25T20:15:06.711Z"}
{"email":"marita@gmail.com","ip":"::1","level":"\u001b[31merror\u001b[39m","message":"Error en el proceso de login Error al iniciar sesión: getaddrinfo ENOTFOUND ac-gwqif8n-shard-00-02.cl7spkj.mongodb.net","timestamp":"2025-03-25T20:15:06.926Z"}
{"email":"s.steinberg2019@gmail.com","level":"\u001b[31merror\u001b[39m","message":"Error en el proceso de login Error al iniciar sesión: getaddrinfo ENOTFOUND ac-gwqif8n-shard-00-02.cl7spkj.mongodb.net","timestamp":"2025-03-25T20:15:16.319Z"}
{"email":"s.steinberg2019@gmail.com","ip":"::1","level":"\u001b[31merror\u001b[39m","message":"Error en el proceso de login Error al iniciar sesión: getaddrinfo ENOTFOUND ac-gwqif8n-shard-00-02.cl7spkj.mongodb.net","timestamp":"2025-03-25T20:15:34.432Z"}
{"email":"s.steinberg2019@gmail.com","ip":"::1","level":"\u001b[31merror\u001b[39m","message":"Error en el proceso de login Error al iniciar sesión: getaddrinfo ENOTFOUND ac-gwqif8n-shard-00-02.cl7spkj.mongodb.net","timestamp":"2025-03-25T20:15:35.777Z"}
{"email":"marita@gmail.com","level":"\u001b[31merror\u001b[39m","message":"Error en el proceso de login Error al iniciar sesión: getaddrinfo ENOTFOUND ac-gwqif8n-shard-00-02.cl7spkj.mongodb.net","timestamp":"2025-03-25T20:15:57.302Z"}
{"email":"marita@gmail.com","level":"\u001b[31merror\u001b[39m","message":"Error en el proceso de login Error al iniciar sesión: getaddrinfo ENOTFOUND ac-gwqif8n-shard-00-02.cl7spkj.mongodb.net","timestamp":"2025-03-25T20:16:06.696Z"}
{"email":"marita@gmail.com","level":"\u001b[31merror\u001b[39m","message":"Error en el proceso de login Error al iniciar sesión: getaddrinfo ENOTFOUND ac-gwqif8n-shard-00-02.cl7spkj.mongodb.net","timestamp":"2025-03-25T20:16:14.691Z"}
{"email":"estrella@gmail.com","ip":"::1","level":"\u001b[31merror\u001b[39m","message":"Error en el proceso de login Error al iniciar sesión: Usuario no encontrado","timestamp":"2025-03-25T20:25:02.405Z"}
{"email":"marita@gmail.com","ip":"::1","level":"\u001b[33mwarning\u001b[39m","message":"Intento de login fallido: usuario no encontrado El usuario no existe o credenciales incorrectas","timestamp":"2025-03-25T20:34:42.113Z"}
{"email":"estrella@gmail.com","ip":"::1","level":"\u001b[33mwarning\u001b[39m","message":"Intento de login fallido: usuario no encontrado El usuario no existe o credenciales incorrectas","timestamp":"2025-03-25T20:35:31.424Z"}
{"email":"estrella@gmail.com","ip":"::1","level":"\u001b[33mwarning\u001b[39m","message":"Intento de login fallido: usuario no encontrado El usuario no existe o credenciales incorrectas","timestamp":"2025-03-25T20:38:24.616Z"}
{"email":"s.steinberg2019@gmail.com","ip":"::1","level":"\u001b[33mwarning\u001b[39m","message":"Intento de login fallido: usuario no encontrado El usuario no existe o credenciales incorrectas","timestamp":"2025-03-28T15:59:57.517Z"}
{"email":"s.steinberg2019@gmail.com","ip":"::1","level":"\u001b[33mwarning\u001b[39m","message":"Intento de login fallido: usuario no encontrado El usuario no existe o credenciales incorrectas","timestamp":"2025-03-28T16:08:25.297Z"}
{"email":"ilu@gmail.com","ip":"::1","level":"\u001b[33mwarning\u001b[39m","message":"Intento de login fallido: usuario no encontrado El usuario no existe o credenciales incorrectas","timestamp":"2025-03-28T16:11:50.878Z"}
{"email":"s.steinberg2019@gmail.com","ip":"::1","level":"\u001b[33mwarning\u001b[39m","message":"Intento de login fallido: usuario no encontrado El usuario no existe o credenciales incorrectas","timestamp":"2025-03-28T20:45:14.584Z"}
{"email":"s.steinberg2019@gmail.com","ip":"::1","level":"\u001b[33mwarning\u001b[39m","message":"Intento de login fallido: usuario no encontrado El usuario no existe o credenciales incorrectas","timestamp":"2025-03-28T21:02:18.428Z"}
{"email":"s.steinberg2019@gmail.com","ip":"::1","level":"\u001b[33mwarning\u001b[39m","message":"Intento de login fallido: usuario no encontrado El usuario no existe o credenciales incorrectas","timestamp":"2025-03-29T18:24:01.873Z"}
{"email":"s.steinberg2019@gmail.com","ip":"::1","level":"\u001b[33mwarning\u001b[39m","message":"Intento de login fallido: usuario no encontrado El usuario no existe o credenciales incorrectas","timestamp":"2025-03-31T01:56:13.906Z"}
